2024-05-13 10:15:05,971 INFO  [org.jboss.modules] (main) JBoss Modules version 1.9.1.Final
2024-05-13 10:15:06,421 INFO  [org.jboss.msc] (main) JBoss MSC version 1.4.11.Final
2024-05-13 10:15:06,448 INFO  [org.jboss.threads] (main) JBoss Threads version 2.3.3.Final
2024-05-13 10:15:06,563 INFO  [org.jboss.as] (MSC service thread 1-2) WFLYSRV0049: WildFly Full 18.0.1.Final (WildFly Core 10.0.3.Final) starting
2024-05-13 10:15:06,564 DEBUG [org.jboss.as.config] (MSC service thread 1-2) Configured system properties:
	SERVER = mail-0
	[Standalone] = 
	awt.toolkit = sun.awt.X11.XToolkit
	file.client.encoding = UTF-8
	file.encoding = UTF-8
	file.encoding.pkg = sun.io
	file.separator = /
	java.awt.graphicsenv = sun.awt.X11GraphicsEnvironment
	java.awt.headless = true
	java.awt.printerjob = sun.print.PSPrinterJob
	java.class.path = /wildfly/wildfly18/jboss-modules.jar:/wildfly/scouter/agent.java/scouter.agent.jar
	java.class.version = 52.0
	java.endorsed.dirs = /usr/lib/jvm/zulu-8/jre/lib/endorsed
	java.ext.dirs = /usr/lib/jvm/zulu-8/jre/lib/ext:/usr/java/packages/lib/ext
	java.home = /usr/lib/jvm/zulu-8/jre
	java.io.tmpdir = /tmp
	java.library.path = /usr/java/packages/lib/amd64:/usr/lib64:/lib64:/lib:/usr/lib
	java.net.preferIPv4Stack = true
	java.net.preferIPv6Addresses = false
	java.runtime.name = OpenJDK Runtime Environment
	java.runtime.version = 1.8.0_222-b10
	java.security.egd = file:/dev/./urandom
	java.specification.name = Java Platform API Specification
	java.specification.vendor = Oracle Corporation
	java.specification.version = 1.8
	java.util.logging.manager = org.jboss.logmanager.LogManager
	java.vendor = Azul Systems, Inc.
	java.vendor.url = http://www.azulsystems.com/
	java.vendor.url.bug = http://www.azulsystems.com/support/
	java.version = 1.8.0_222
	java.vm.info = mixed mode
	java.vm.name = OpenJDK 64-Bit Server VM
	java.vm.specification.name = Java Virtual Machine Specification
	java.vm.specification.vendor = Oracle Corporation
	java.vm.specification.version = 1.8
	java.vm.vendor = Azul Systems, Inc.
	java.vm.version = 25.222-b10
	javax.management.builder.initial = org.jboss.as.jmx.PluggableMBeanServerBuilder
	jboss.access.log.dir = /LOGS/access
	jboss.bind.address = 0.0.0.0
	jboss.bind.address.management = 0.0.0.0
	jboss.default.jgroups.stack = udp
	jboss.home.dir = /wildfly/wildfly18
	jboss.host.name = mail-0
	jboss.modules.dir = /wildfly/wildfly18/modules
	jboss.modules.system.pkgs = org.jboss.byteman,scouter
	jboss.node.name = mail-0
	jboss.qualified.host.name = mail-0
	jboss.server.base.dir = /wildfly/domain
	jboss.server.config.dir = /wildfly/domain/configuration
	jboss.server.data.dir = /wildfly/domain/data
	jboss.server.deploy.dir = /wildfly/domain/data/content
	jboss.server.home.dir = /wildfly/wildfly18
	jboss.server.log.dir = /LOGS/wildfly
	jboss.server.name = mail-0
	jboss.server.persist.config = true
	jboss.server.temp.dir = /wildfly/domain/tmp
	jboss.socket.binding.port-offset = 100
	knox.elytron.dir = /wildfly/wildfly18/elytron-keystore/stage
	line.separator = 

	log.Name = waspod
	log4j.configuration = log4j-stage.xml
	logging.configuration = file:/wildfly/domain/configuration/logging.properties
	mail.set.code = 101B
	module.path = /wildfly/wildfly18/modules
	mysingle.domain = www
	mysingle.env = et.stagepaas
	org.jboss.boot.log.file = /LOG-NAS/stage/v1_24/mail-0/wildfly/server.log
	org.jboss.resolver.warning = true
	os.arch = amd64
	os.name = Linux
	os.version = 3.10.0-1160.92.1.el7.x86_64
	path.separator = :
	scouter.config = /wildfly/scouter/agent.java/conf/scouter.conf
	scouter.dir = /wildfly/scouter/agent.java
	scouter.enabled = true
	scouter.objname = /mail-0/stage_mail
	scouter.objtype = brity_stage
	spring.profiles.active = stageetpaas
	sun.arch.data.model = 64
	sun.boot.class.path = /usr/lib/jvm/zulu-8/jre/lib/resources.jar:/usr/lib/jvm/zulu-8/jre/lib/rt.jar:/usr/lib/jvm/zulu-8/jre/lib/sunrsasign.jar:/usr/lib/jvm/zulu-8/jre/lib/jsse.jar:/usr/lib/jvm/zulu-8/jre/lib/jce.jar:/usr/lib/jvm/zulu-8/jre/lib/charsets.jar:/usr/lib/jvm/zulu-8/jre/lib/jfr.jar:/usr/lib/jvm/zulu-8/jre/classes:/wildfly/scouter/agent.java/scouter.agent.jar
	sun.boot.library.path = /usr/lib/jvm/zulu-8/jre/lib/amd64
	sun.cpu.endian = little
	sun.cpu.isalist = 
	sun.io.unicode.encoding = UnicodeLittle
	sun.java.command = /wildfly/wildfly18/jboss-modules.jar -mp /wildfly/wildfly18/modules org.jboss.as.standalone -Djboss.home.dir=/wildfly/wildfly18 -Djboss.server.base.dir=/wildfly/domain -DSERVER=mail-0 -c standalone.xml
	sun.java.launcher = SUN_STANDARD
	sun.jnu.encoding = UTF-8
	sun.management.compiler = HotSpot 64-Bit Tiered Compilers
	sun.os.patch.level = unknown
	sun.rmi.dgc.client.gcInterval = 0x7FFFFFFFFFFFFFFE
	sun.rmi.dgc.server.gcInterval = 0x7FFFFFFFFFFFFFFE
	user.country = US
	user.dir = /wildfly
	user.home = /wildfly
	user.language = en
	user.name = wildfly
	user.timezone = GMT
2024-05-13 10:15:06,564 DEBUG [org.jboss.as.config] (MSC service thread 1-2) VM Arguments: -D[Standalone] -Xms3200m -Xmx3200m -XX:NewSize=1024m -XX:MaxNewSize=1024m -XX:MetaspaceSize=128m -XX:MaxMetaspaceSize=512m -XX:ParallelGCThreads=2 -XX:SurvivorRatio=8 -XX:CodeCacheMinimumFreeSpace=8m -XX:+PrintHeapAtGC -XX:+PrintGCDetails -XX:+PrintGCTimeStamps -XX:+PrintGCDateStamps -XX:+UseGCLogFileRotation -XX:GCLogFileSize=10M -XX:NumberOfGCLogFiles=20 -Xloggc:/LOGS/wildfly/gclog/gc.log -XX:+UseConcMarkSweepGC -XX:+UseParNewGC -XX:+UseCMSInitiatingOccupancyOnly -XX:CMSInitiatingOccupancyFraction=80 -XX:+CMSParallelRemarkEnabled -XX:+CMSClassUnloadingEnabled -XX:+UseLargePagesInMetaspace -XX:+HeapDumpOnOutOfMemoryError -XX:HeapDumpPath=/LOGS/wildfly/heapdump -XX:+DisableExplicitGC -XX:-UseAdaptiveSizePolicy -Duser.timezone=GMT -Dfile.encoding=UTF-8 -Dfile.client.encoding=UTF-8 -Djava.net.preferIPv4Stack=true -Djava.net.preferIPv6Addresses=false -Dorg.jboss.resolver.warning=true -Dsun.rmi.dgc.client.gcInterval=0x7FFFFFFFFFFFFFFE -Dsun.rmi.dgc.server.gcInterval=0x7FFFFFFFFFFFFFFE -Djava.awt.headless=true -Djava.security.egd=file:/dev/./urandom -Djboss.server.base.dir=/wildfly/domain -Djboss.socket.binding.port-offset=100 -Djboss.node.name=mail-0 -Djboss.bind.address.management=0.0.0.0 -Djboss.bind.address=0.0.0.0 -Djboss.server.home.dir=/wildfly/wildfly18 -Djboss.server.log.dir=/LOGS/wildfly -Djboss.access.log.dir=/LOGS/access -Djboss.server.config.dir=/wildfly/domain/configuration -Dlog.Name=waspod -Dknox.elytron.dir=/wildfly/wildfly18/elytron-keystore/stage -Djboss.default.jgroups.stack=udp -Djboss.modules.system.pkgs=org.jboss.byteman,scouter -javaagent:/wildfly/scouter/agent.java/scouter.agent.jar -Dscouter.config=/wildfly/scouter/agent.java/conf/scouter.conf -Dfile.encoding=UTF-8 -Dfile.client.encoding=UTF-8 -Dspring.profiles.active=stageetpaas -Dmysingle.env=et.stagepaas -Dmail.set.code=101B -Dmysingle.domain=www -Dlog4j.configuration=log4j-stage.xml -Dorg.jboss.boot.log.file=/LOG-NAS/stage/v1_24/mail-0/wildfly/server.log -Dlogging.configuration=file:/wildfly/domain/configuration/logging.properties 
2024-05-13 10:15:07,760 INFO  [org.wildfly.security] (ServerService Thread Pool -- 27) ELY00001: WildFly Elytron version 1.10.4.Final
2024-05-13 10:15:08,483 INFO  [org.jboss.as.controller.management-deprecated] (Controller Boot Thread) WFLYCTL0028: Attribute 'security-realm' in the resource at address '/core-service=management/management-interface=http-interface' is deprecated, and may be removed in a future version. See the attribute description in the output of the read-resource-description operation to learn more about the deprecation.
2024-05-13 10:15:09,365 INFO  [org.jboss.as.repository] (ServerService Thread Pool -- 18) WFLYDR0001: Content added at location /wildfly/domain/data/content/b4/933f24ac9b8670a1ba2c038fc1da9b9ffcdf72/content
2024-05-13 10:15:09,386 INFO  [org.jboss.as.server] (Controller Boot Thread) WFLYSRV0039: Creating http management service using socket-binding (management-http)
2024-05-13 10:15:09,398 INFO  [org.xnio] (MSC service thread 1-2) XNIO version 3.7.3.Final
2024-05-13 10:15:09,403 INFO  [org.xnio.nio] (MSC service thread 1-2) XNIO NIO Implementation Version 3.7.3.Final
2024-05-13 10:15:09,444 WARN  [org.jboss.as.txn] (ServerService Thread Pool -- 70) WFLYTX0013: The node-identifier attribute on the /subsystem=transactions is set to the default value. This is a danger for environments running multiple servers. Please make sure the attribute value is unique.
2024-05-13 10:15:09,445 INFO  [org.wildfly.extension.microprofile.config.smallrye._private] (ServerService Thread Pool -- 58) WFLYCONF0001: Activating WildFly MicroProfile Config Subsystem
2024-05-13 10:15:09,447 INFO  [org.wildfly.extension.microprofile.opentracing] (ServerService Thread Pool -- 61) WFLYTRACEXT0001: Activating MicroProfile OpenTracing Subsystem
2024-05-13 10:15:09,448 INFO  [org.jboss.as.clustering.infinispan] (ServerService Thread Pool -- 49) WFLYCLINF0001: Activating Infinispan subsystem.
2024-05-13 10:15:09,450 INFO  [org.wildfly.extension.io] (ServerService Thread Pool -- 50) WFLYIO002: Worker 'default' has auto-configured to 4 core threads based on your 2 available processors
2024-05-13 10:15:09,455 INFO  [org.jboss.as.naming] (ServerService Thread Pool -- 62) WFLYNAM0001: Activating Naming Subsystem
2024-05-13 10:15:09,455 INFO  [org.jboss.as.jsf] (ServerService Thread Pool -- 56) WFLYJSF0007: Activated the following JSF Implementations: [main]
2024-05-13 10:15:09,455 INFO  [org.wildfly.extension.microprofile.health.smallrye] (ServerService Thread Pool -- 59) WFLYHEALTH0001: Activating Eclipse MicroProfile Health Subsystem
2024-05-13 10:15:09,555 INFO  [org.jboss.as.jaxrs] (ServerService Thread Pool -- 51) WFLYRS0016: RESTEasy version 3.9.1.Final
2024-05-13 10:15:09,556 INFO  [org.jboss.as.security] (ServerService Thread Pool -- 68) WFLYSEC0002: Activating Security Subsystem
2024-05-13 10:15:09,559 INFO  [org.wildfly.extension.microprofile.metrics.smallrye] (ServerService Thread Pool -- 60) WFLYMETRICS0001: Activating Eclipse MicroProfile Metrics Subsystem
2024-05-13 10:15:09,559 INFO  [org.jboss.as.webservices] (ServerService Thread Pool -- 72) WFLYWS0002: Activating WebServices Extension
2024-05-13 10:15:09,561 INFO  [org.jboss.as.security] (MSC service thread 1-4) WFLYSEC0001: Current PicketBox version=5.0.3.Final
2024-05-13 10:15:09,567 INFO  [org.jboss.as.connector] (MSC service thread 1-2) WFLYJCA0009: Starting JCA Subsystem (WildFly/IronJacamar 1.4.17.Final)
2024-05-13 10:15:09,745 WARN  [org.wildfly.clustering.web.undertow] (ServerService Thread Pool -- 71) WFLYCLWEBUT0007: No routing provider found for default-server; using legacy provider based on static configuration
2024-05-13 10:15:09,747 INFO  [org.jboss.remoting] (MSC service thread 1-2) JBoss Remoting version 5.0.15.Final
2024-05-13 10:15:09,759 INFO  [org.wildfly.extension.undertow] (MSC service thread 1-4) WFLYUT0003: Undertow 2.0.27.Final starting
2024-05-13 10:15:09,843 INFO  [org.jboss.as.connector.subsystems.datasources] (ServerService Thread Pool -- 42) WFLYJCA0005: Deploying non-JDBC-compliant driver class com.mysql.cj.jdbc.Driver (version 8.0)
2024-05-13 10:15:09,953 INFO  [org.jboss.as.connector.deployers.jdbc] (MSC service thread 1-3) WFLYJCA0018: Started Driver service with driver-name = mysql
2024-05-13 10:15:09,955 INFO  [org.jboss.as.naming] (MSC service thread 1-1) WFLYNAM0003: Starting Naming Service
2024-05-13 10:15:09,963 INFO  [org.jboss.as.mail.extension] (MSC service thread 1-1) WFLYMAIL0001: Bound mail session [java:jboss/mail/Default]
2024-05-13 10:15:10,069 INFO  [org.jboss.as.ejb3] (MSC service thread 1-3) WFLYEJB0481: Strict pool slsb-strict-max-pool is using a max instance size of 300 (per class), which is derived from thread worker pool sizing.
2024-05-13 10:15:10,069 INFO  [org.jboss.as.ejb3] (MSC service thread 1-1) WFLYEJB0482: Strict pool mdb-strict-max-pool is using a max instance size of 8 (per class), which is derived from the number of CPUs on this host.
2024-05-13 10:15:10,153 INFO  [org.jboss.as.connector.subsystems.datasources] (ServerService Thread Pool -- 42) WFLYJCA0004: Deploying JDBC-compliant driver class oracle.jdbc.OracleDriver (version 12.2)
2024-05-13 10:15:10,157 INFO  [org.jboss.as.connector.deployers.jdbc] (MSC service thread 1-4) WFLYJCA0018: Started Driver service with driver-name = oracle
2024-05-13 10:15:10,158 INFO  [org.jboss.as.connector.subsystems.datasources] (ServerService Thread Pool -- 42) WFLYJCA0005: Deploying non-JDBC-compliant driver class org.mariadb.jdbc.Driver (version 2.4)
2024-05-13 10:15:10,253 INFO  [org.jboss.as.connector.deployers.jdbc] (MSC service thread 1-1) WFLYJCA0018: Started Driver service with driver-name = maria
2024-05-13 10:15:10,352 INFO  [org.wildfly.extension.undertow] (MSC service thread 1-1) WFLYUT0012: Started server default-server.
2024-05-13 10:15:10,371 INFO  [org.wildfly.extension.undertow] (MSC service thread 1-3) WFLYUT0018: Host default-host starting
2024-05-13 10:15:10,479 INFO  [org.wildfly.extension.undertow] (MSC service thread 1-1) WFLYUT0006: Undertow HTTP listener default listening on 0.0.0.0:8180
2024-05-13 10:15:10,558 INFO  [org.jboss.as.ejb3] (MSC service thread 1-1) WFLYEJB0493: EJB subsystem suspension complete
2024-05-13 10:15:10,657 INFO  [org.jboss.as.connector.subsystems.datasources] (MSC service thread 1-2) WFLYJCA0001: Bound data source [java:/EPEMSearchPoolDS]
2024-05-13 10:15:10,760 INFO  [org.jboss.as.patching] (MSC service thread 1-2) WFLYPAT0050: WildFly Full cumulative patch ID is: base, one-off patches include: none
2024-05-13 10:15:10,847 INFO  [org.jboss.as.server.deployment.scanner] (MSC service thread 1-4) WFLYDS0013: Started FileSystemDeploymentService for directory /wildfly/domain/deployments
2024-05-13 10:15:10,849 INFO  [org.jboss.as.server.deployment] (MSC service thread 1-1) WFLYSRV0027: Starting deployment of "mysingle-mail.war" (runtime-name: "mysingle-mail.war")
2024-05-13 10:15:10,946 INFO  [org.jboss.ws.common.management] (MSC service thread 1-3) JBWS022052: Starting JBossWS 5.3.0.Final (Apache CXF 3.3.3) 
2024-05-13 10:15:20,511 WARN  [org.jboss.as.server.deployment] (MSC service thread 1-1) WFLYSRV0059: Class Path entry sonic_ASPI.jar in /content/mysingle-mail.war/WEB-INF/lib/sonicmq-client-1.1.jar  does not point to a valid jar for a Class-Path reference.
2024-05-13 10:15:20,511 WARN  [org.jboss.as.server.deployment] (MSC service thread 1-1) WFLYSRV0059: Class Path entry sonic_Crypto.jar in /content/mysingle-mail.war/WEB-INF/lib/sonicmq-client-1.1.jar  does not point to a valid jar for a Class-Path reference.
2024-05-13 10:15:20,512 WARN  [org.jboss.as.server.deployment] (MSC service thread 1-1) WFLYSRV0059: Class Path entry sonic_Selector.jar in /content/mysingle-mail.war/WEB-INF/lib/sonicmq-client-1.1.jar  does not point to a valid jar for a Class-Path reference.
2024-05-13 10:15:20,512 WARN  [org.jboss.as.server.deployment] (MSC service thread 1-1) WFLYSRV0059: Class Path entry sonic_SSL.jar in /content/mysingle-mail.war/WEB-INF/lib/sonicmq-client-1.1.jar  does not point to a valid jar for a Class-Path reference.
2024-05-13 10:15:20,512 WARN  [org.jboss.as.server.deployment] (MSC service thread 1-1) WFLYSRV0059: Class Path entry sonic_XA.jar in /content/mysingle-mail.war/WEB-INF/lib/sonicmq-client-1.1.jar  does not point to a valid jar for a Class-Path reference.
2024-05-13 10:15:20,512 WARN  [org.jboss.as.server.deployment] (MSC service thread 1-1) WFLYSRV0059: Class Path entry sonic_XMessage.jar in /content/mysingle-mail.war/WEB-INF/lib/sonicmq-client-1.1.jar  does not point to a valid jar for a Class-Path reference.
2024-05-13 10:15:20,512 WARN  [org.jboss.as.server.deployment] (MSC service thread 1-1) WFLYSRV0059: Class Path entry sonic_SF.jar in /content/mysingle-mail.war/WEB-INF/lib/sonicmq-client-1.1.jar  does not point to a valid jar for a Class-Path reference.
2024-05-13 10:15:20,512 WARN  [org.jboss.as.server.deployment] (MSC service thread 1-1) WFLYSRV0059: Class Path entry sonic_Channel.jar in /content/mysingle-mail.war/WEB-INF/lib/sonicmq-client-1.1.jar  does not point to a valid jar for a Class-Path reference.
2024-05-13 10:15:20,512 WARN  [org.jboss.as.server.deployment] (MSC service thread 1-1) WFLYSRV0059: Class Path entry mail.jar in /content/mysingle-mail.war/WEB-INF/lib/sonicmq-client-1.1.jar  does not point to a valid jar for a Class-Path reference.
2024-05-13 10:15:20,512 WARN  [org.jboss.as.server.deployment] (MSC service thread 1-1) WFLYSRV0059: Class Path entry activation.jar in /content/mysingle-mail.war/WEB-INF/lib/sonicmq-client-1.1.jar  does not point to a valid jar for a Class-Path reference.
2024-05-13 10:15:20,512 WARN  [org.jboss.as.server.deployment] (MSC service thread 1-1) WFLYSRV0059: Class Path entry sonic_Client_ext.jar in /content/mysingle-mail.war/WEB-INF/lib/sonicmq-client-1.1.jar  does not point to a valid jar for a Class-Path reference.
2024-05-13 10:15:20,513 WARN  [org.jboss.as.server.deployment] (MSC service thread 1-1) WFLYSRV0059: Class Path entry log4j.jar in /content/mysingle-mail.war/WEB-INF/lib/commons-logging-1.0.3.jar  does not point to a valid jar for a Class-Path reference.
2024-05-13 10:15:20,513 WARN  [org.jboss.as.server.deployment] (MSC service thread 1-1) WFLYSRV0059: Class Path entry log4j-core.jar in /content/mysingle-mail.war/WEB-INF/lib/commons-logging-1.0.3.jar  does not point to a valid jar for a Class-Path reference.
2024-05-13 10:15:20,613 WARN  [org.jboss.as.server.deployment] (MSC service thread 1-1) WFLYSRV0059: Class Path entry sonic_ASPI.jar in /content/mysingle-mail.war/WEB-INF/lib/sonicmq-client-8.6.jar  does not point to a valid jar for a Class-Path reference.
2024-05-13 10:15:20,614 WARN  [org.jboss.as.server.deployment] (MSC service thread 1-1) WFLYSRV0059: Class Path entry sonic_Crypto.jar in /content/mysingle-mail.war/WEB-INF/lib/sonicmq-client-8.6.jar  does not point to a valid jar for a Class-Path reference.
2024-05-13 10:15:20,614 WARN  [org.jboss.as.server.deployment] (MSC service thread 1-1) WFLYSRV0059: Class Path entry sonic_Selector.jar in /content/mysingle-mail.war/WEB-INF/lib/sonicmq-client-8.6.jar  does not point to a valid jar for a Class-Path reference.
2024-05-13 10:15:20,614 WARN  [org.jboss.as.server.deployment] (MSC service thread 1-1) WFLYSRV0059: Class Path entry sonic_SSL.jar in /content/mysingle-mail.war/WEB-INF/lib/sonicmq-client-8.6.jar  does not point to a valid jar for a Class-Path reference.
2024-05-13 10:15:20,614 WARN  [org.jboss.as.server.deployment] (MSC service thread 1-1) WFLYSRV0059: Class Path entry sonic_XA.jar in /content/mysingle-mail.war/WEB-INF/lib/sonicmq-client-8.6.jar  does not point to a valid jar for a Class-Path reference.
2024-05-13 10:15:20,614 WARN  [org.jboss.as.server.deployment] (MSC service thread 1-1) WFLYSRV0059: Class Path entry sonic_XMessage.jar in /content/mysingle-mail.war/WEB-INF/lib/sonicmq-client-8.6.jar  does not point to a valid jar for a Class-Path reference.
2024-05-13 10:15:20,614 WARN  [org.jboss.as.server.deployment] (MSC service thread 1-1) WFLYSRV0059: Class Path entry sonic_SF.jar in /content/mysingle-mail.war/WEB-INF/lib/sonicmq-client-8.6.jar  does not point to a valid jar for a Class-Path reference.
2024-05-13 10:15:20,614 WARN  [org.jboss.as.server.deployment] (MSC service thread 1-1) WFLYSRV0059: Class Path entry sonic_Channel.jar in /content/mysingle-mail.war/WEB-INF/lib/sonicmq-client-8.6.jar  does not point to a valid jar for a Class-Path reference.
2024-05-13 10:15:20,614 WARN  [org.jboss.as.server.deployment] (MSC service thread 1-1) WFLYSRV0059: Class Path entry mail.jar in /content/mysingle-mail.war/WEB-INF/lib/sonicmq-client-8.6.jar  does not point to a valid jar for a Class-Path reference.
2024-05-13 10:15:20,614 WARN  [org.jboss.as.server.deployment] (MSC service thread 1-1) WFLYSRV0059: Class Path entry sonic_Client_ext.jar in /content/mysingle-mail.war/WEB-INF/lib/sonicmq-client-8.6.jar  does not point to a valid jar for a Class-Path reference.
2024-05-13 10:15:21,516 WARN  [org.jboss.as.dependency.deprecated] (MSC service thread 1-4) WFLYSRV0221: Deployment "deployment.mysingle-mail.war" is using a deprecated module ("javax.api") which may be removed in future versions without notice.
2024-05-13 10:15:22,047 INFO  [org.infinispan.factories.GlobalComponentRegistry] (MSC service thread 1-1) ISPN000128: Infinispan version: Infinispan 'Infinity Minus ONE +2' 9.4.16.Final
2024-05-13 10:15:22,253 WARN  [org.jboss.as.ee] (MSC service thread 1-2) WFLYEE0007: Not installing optional component org.springframework.http.server.ServletServerHttpAsyncRequestControl due to an exception (enable DEBUG log level to see the cause)
2024-05-13 10:15:22,254 WARN  [org.jboss.as.ee] (MSC service thread 1-2) WFLYEE0007: Not installing optional component org.springframework.web.context.request.async.StandardServletAsyncWebRequest due to an exception (enable DEBUG log level to see the cause)
2024-05-13 10:15:22,254 WARN  [org.jboss.as.ee] (MSC service thread 1-2) WFLYEE0007: Not installing optional component org.eclipse.jetty.server.handler.RequestLogHandler$1 due to an exception (enable DEBUG log level to see the cause)
2024-05-13 10:15:22,256 WARN  [org.jboss.as.ee] (MSC service thread 1-2) WFLYEE0007: Not installing optional component org.eclipse.jetty.server.handler.StatisticsHandler$1 due to an exception (enable DEBUG log level to see the cause)
2024-05-13 10:15:22,259 WARN  [org.jboss.as.ee] (MSC service thread 1-2) WFLYEE0007: Not installing optional component org.apache.cxf.transport.http.Servlet3ContinuationProvider$Servlet3Continuation due to an exception (enable DEBUG log level to see the cause)
2024-05-13 10:15:22,264 WARN  [org.jboss.as.ee] (MSC service thread 1-2) WFLYEE0007: Not installing optional component org.eclipse.jetty.continuation.Servlet3Continuation due to an exception (enable DEBUG log level to see the cause)
2024-05-13 10:15:22,266 WARN  [org.jboss.as.ee] (MSC service thread 1-2) WFLYEE0007: Not installing optional component org.eclipse.jetty.server.handler.IdleTimeoutHandler$1 due to an exception (enable DEBUG log level to see the cause)
2024-05-13 10:15:22,266 WARN  [org.jboss.as.ee] (MSC service thread 1-2) WFLYEE0007: Not installing optional component org.eclipse.jetty.server.AsyncContextState$1 due to an exception (enable DEBUG log level to see the cause)
2024-05-13 10:15:22,393 WARN  [org.jboss.as.jaxrs] (MSC service thread 1-2) WFLYRS0018: Explicit usage of Jackson annotation in a JAX-RS deployment; the system will disable JSON-B processing for the current deployment. Consider setting the 'resteasy.preferJacksonOverJsonB' property to 'false' to restore JSON-B.
2024-05-13 10:15:22,456 INFO  [org.jboss.as.connector.deployers.jdbc] (MSC service thread 1-2) WFLYJCA0004: Deploying JDBC-compliant driver class oracle.jdbc.OracleDriver (version 11.2)
2024-05-13 10:15:22,457 INFO  [org.jboss.as.connector.deployers.jdbc] (MSC service thread 1-2) WFLYJCA0005: Deploying non-JDBC-compliant driver class org.mariadb.jdbc.Driver (version 1.4)
2024-05-13 10:15:22,458 WARN  [org.jboss.weld.deployer] (MSC service thread 1-2) WFLYWELD0013: Deployment mysingle-mail.war contains CDI annotations but no bean archive was found (no beans.xml or class with bean defining annotations was present).
2024-05-13 10:15:22,492 INFO  [org.jboss.as.connector.deployers.jdbc] (MSC service thread 1-1) WFLYJCA0018: Started Driver service with driver-name = mysingle-mail.war
2024-05-13 10:15:22,492 INFO  [org.jboss.as.connector.deployers.jdbc] (MSC service thread 1-2) WFLYJCA0018: Started Driver service with driver-name = mysingle-mail.war_oracle.jdbc.OracleDriver_11_2
2024-05-13 10:15:22,492 INFO  [org.jboss.as.connector.deployers.jdbc] (MSC service thread 1-4) WFLYJCA0018: Started Driver service with driver-name = mysingle-mail.war_org.mariadb.jdbc.Driver_1_4
2024-05-13 10:15:22,552 INFO  [org.jboss.as.clustering.infinispan] (ServerService Thread Pool -- 75) WFLYCLINF0002: Started client-mappings cache from ejb container
2024-05-13 10:15:26,399 INFO  [javax.enterprise.resource.webcontainer.jsf.config] (ServerService Thread Pool -- 84) Initializing Mojarra 2.3.9.SP04 for context '/mail'
2024-05-13 10:16:25,771 INFO  [org.wildfly.extension.undertow] (ServerService Thread Pool -- 84) WFLYUT0021: Registered web context: '/mail' for server 'default-server'
2024-05-13 10:16:25,805 INFO  [org.jboss.as.server] (ServerService Thread Pool -- 43) WFLYSRV0010: Deployed "mysingle-mail.war" (runtime-name : "mysingle-mail.war")
2024-05-13 10:16:25,823 INFO  [org.jboss.as.server] (Controller Boot Thread) WFLYSRV0212: Resuming server
2024-05-13 10:16:25,825 INFO  [org.jboss.as] (Controller Boot Thread) WFLYSRV0060: Http management interface listening on http://0.0.0.0:10090/management
2024-05-13 10:16:25,825 INFO  [org.jboss.as] (Controller Boot Thread) WFLYSRV0051: Admin console listening on http://0.0.0.0:10090
2024-05-13 10:16:25,825 INFO  [org.jboss.as] (Controller Boot Thread) WFLYSRV0025: WildFly Full 18.0.1.Final (WildFly Core 10.0.3.Final) started in 80209ms - Started 898 of 1102 services (353 services are lazy, passive or on-demand)
